<?xml version="1.0" encoding="UTF-8"?>
<testsuite name="fxman.eclipse.test.TestVariationGenerator" time="0.071" tests="5" errors="0" skipped="0" failures="0">
  <properties>
    <property name="java.vendor" value="Oracle Corporation"/>
    <property name="osgi.bundles.defaultStartLevel" value="4"/>
    <property name="sun.java.launcher" value="SUN_STANDARD"/>
    <property name="org.osgi.supports.framework.extension" value="true"/>
    <property name="sun.management.compiler" value="HotSpot Client Compiler"/>
    <property name="os.name" value="Windows 10"/>
    <property name="sun.boot.class.path" value="C:\Program Files (x86)\Java\jre1.8.0_66\lib\resources.jar;C:\Program Files (x86)\Java\jre1.8.0_66\lib\rt.jar;C:\Program Files (x86)\Java\jre1.8.0_66\lib\sunrsasign.jar;C:\Program Files (x86)\Java\jre1.8.0_66\lib\jsse.jar;C:\Program Files (x86)\Java\jre1.8.0_66\lib\jce.jar;C:\Program Files (x86)\Java\jre1.8.0_66\lib\charsets.jar;C:\Program Files (x86)\Java\jre1.8.0_66\lib\jfr.jar;C:\Program Files (x86)\Java\jre1.8.0_66\classes"/>
    <property name="osgi.ws" value="win32"/>
    <property name="sun.desktop" value="windows"/>
    <property name="java.vm.specification.vendor" value="Oracle Corporation"/>
    <property name="java.runtime.version" value="1.8.0_66-b18"/>
    <property name="osgi.instance.area" value="file:/C:/Users/Simone/OneDrive/Eclipse/fxman.eclipse.test/target/work/data/"/>
    <property name="org.osgi.framework.uuid" value="a072a2ef-6c93-0015-1082-acdff768c09f"/>
    <property name="osgi.noShutdown" value="false"/>
    <property name="user.name" value="Simone"/>
    <property name="org.osgi.framework.system.packages" value="javax.accessibility,javax.activation,javax.activity,javax.annotation,javax.annotation.processing,javax.crypto,javax.crypto.interfaces,javax.crypto.spec,javax.imageio,javax.imageio.event,javax.imageio.metadata,javax.imageio.plugins.bmp,javax.imageio.plugins.jpeg,javax.imageio.spi,javax.imageio.stream,javax.jws,javax.jws.soap,javax.lang.model,javax.lang.model.element,javax.lang.model.type,javax.lang.model.util,javax.management,javax.management.loading,javax.management.modelmbean,javax.management.monitor,javax.management.openmbean,javax.management.relation,javax.management.remote,javax.management.remote.rmi,javax.management.timer,javax.naming,javax.naming.directory,javax.naming.event,javax.naming.ldap,javax.naming.spi,javax.net,javax.net.ssl,javax.print,javax.print.attribute,javax.print.attribute.standard,javax.print.event,javax.rmi,javax.rmi.CORBA,javax.rmi.ssl,javax.script,javax.security.auth,javax.security.auth.callback,javax.security.auth.kerberos,javax.security.auth.login,javax.security.auth.spi,javax.security.auth.x500,javax.security.cert,javax.security.sasl,javax.sound.midi,javax.sound.midi.spi,javax.sound.sampled,javax.sound.sampled.spi,javax.sql,javax.sql.rowset,javax.sql.rowset.serial,javax.sql.rowset.spi,javax.swing,javax.swing.border,javax.swing.colorchooser,javax.swing.event,javax.swing.filechooser,javax.swing.plaf,javax.swing.plaf.basic,javax.swing.plaf.metal,javax.swing.plaf.multi,javax.swing.plaf.nimbus,javax.swing.plaf.synth,javax.swing.table,javax.swing.text,javax.swing.text.html,javax.swing.text.html.parser,javax.swing.text.rtf,javax.swing.tree,javax.swing.undo,javax.tools,javax.transaction,javax.transaction.xa,javax.xml,javax.xml.bind,javax.xml.bind.annotation,javax.xml.bind.annotation.adapters,javax.xml.bind.attachment,javax.xml.bind.helpers,javax.xml.bind.util,javax.xml.crypto,javax.xml.crypto.dom,javax.xml.crypto.dsig,javax.xml.crypto.dsig.dom,javax.xml.crypto.dsig.keyinfo,javax.xml.crypto.dsig.spec,javax.xml.datatype,javax.xml.namespace,javax.xml.parsers,javax.xml.soap,javax.xml.stream,javax.xml.stream.events,javax.xml.stream.util,javax.xml.transform,javax.xml.transform.dom,javax.xml.transform.sax,javax.xml.transform.stax,javax.xml.transform.stream,javax.xml.validation,javax.xml.ws,javax.xml.ws.handler,javax.xml.ws.handler.soap,javax.xml.ws.http,javax.xml.ws.soap,javax.xml.ws.spi,javax.xml.ws.spi.http,javax.xml.ws.wsaddressing,javax.xml.xpath,org.ietf.jgss,org.omg.CORBA,org.omg.CORBA_2_3,org.omg.CORBA_2_3.portable,org.omg.CORBA.DynAnyPackage,org.omg.CORBA.ORBPackage,org.omg.CORBA.portable,org.omg.CORBA.TypeCodePackage,org.omg.CosNaming,org.omg.CosNaming.NamingContextExtPackage,org.omg.CosNaming.NamingContextPackage,org.omg.Dynamic,org.omg.DynamicAny,org.omg.DynamicAny.DynAnyFactoryPackage,org.omg.DynamicAny.DynAnyPackage,org.omg.IOP,org.omg.IOP.CodecFactoryPackage,org.omg.IOP.CodecPackage,org.omg.Messaging,org.omg.PortableInterceptor,org.omg.PortableInterceptor.ORBInitInfoPackage,org.omg.PortableServer,org.omg.PortableServer.CurrentPackage,org.omg.PortableServer.POAManagerPackage,org.omg.PortableServer.POAPackage,org.omg.PortableServer.portable,org.omg.PortableServer.ServantLocatorPackage,org.omg.SendingContext,org.omg.stub.java.rmi,org.w3c.dom,org.w3c.dom.bootstrap,org.w3c.dom.css,org.w3c.dom.events,org.w3c.dom.html,org.w3c.dom.ls,org.w3c.dom.ranges,org.w3c.dom.stylesheets,org.w3c.dom.traversal,org.w3c.dom.views,org.w3c.dom.xpath,org.xml.sax,org.xml.sax.ext,org.xml.sax.helpers"/>
    <property name="equinox.use.ds" value="true"/>
    <property name="org.osgi.framework.language" value="en"/>
    <property name="user.language" value="en"/>
    <property name="org.osgi.framework.processor" value="x86"/>
    <property name="osgi.syspath" value="c:\Users\Simone\.m2\repository\p2\osgi\bundle\org.eclipse.osgi\3.9.1.v20130814-1242"/>
    <property name="sun.boot.library.path" value="C:\Program Files (x86)\Java\jre1.8.0_66\bin"/>
    <property name="osgi.manifest.cache" value="C:\Users\Simone\OneDrive\Eclipse\fxman.eclipse.test\target\work\configuration\org.eclipse.osgi\manifests"/>
    <property name="org.osgi.framework.system.capabilities" value="osgi.ee; osgi.ee=&quot;OSGi/Minimum&quot;; version:List&lt;Version&gt;=&quot;1.0, 1.1, 1.2&quot;,osgi.ee; osgi.ee=&quot;JRE&quot;; version:List&lt;Version&gt;=&quot;1.0, 1.1&quot;,osgi.ee; osgi.ee=&quot;JavaSE&quot;; version:List&lt;Version&gt;=&quot;1.0, 1.1, 1.2, 1.3, 1.4, 1.5, 1.6, 1.7, 1.8&quot;"/>
    <property name="java.version" value="1.8.0_66"/>
    <property name="org.osgi.framework.os.name" value="windows 10"/>
    <property name="user.timezone" value="Europe/London"/>
    <property name="sun.arch.data.model" value="32"/>
    <property name="osgi.bundles" value="reference:file:C:/Users/Simone/OneDrive/Eclipse/cdo.eclipse.ui/target/cdo.eclipse.ui-2.1.0-SNAPSHOT.jar,reference:file:C:/Users/Simone/.m2/repository/p2/osgi/bundle/org.eclipse.ui/3.105.0.v20130522-1122/org.eclipse.ui-3.105.0.v20130522-1122.jar,reference:file:C:/Users/Simone/.m2/repository/p2/osgi/bundle/org.eclipse.core.runtime/3.9.0.v20130326-1255/org.eclipse.core.runtime-3.9.0.v20130326-1255.jar@4:start,reference:file:C:/Users/Simone/.m2/repository/p2/osgi/bundle/org.eclipse.emf.cdo/4.2.1.v20140218-1709/org.eclipse.emf.cdo-4.2.1.v20140218-1709.jar,reference:file:C:/Users/Simone/.m2/repository/p2/osgi/bundle/org.apache.log4j/1.2.15.v201012070815/org.apache.log4j-1.2.15.v201012070815.jar,reference:file:C:/Users/Simone/OneDrive/Eclipse/xman.commons/target/xman.commons-2.1.0-SNAPSHOT.jar,reference:file:C:/Users/Simone/.m2/repository/p2/osgi/bundle/org.eclipse.emf.cdo.net4j/4.1.101.v20140218-1709/org.eclipse.emf.cdo.net4j-4.1.101.v20140218-1709.jar,reference:file:C:/Users/Simone/.m2/repository/p2/osgi/bundle/org.eclipse.net4j.tcp/4.1.101.v20140218-1830/org.eclipse.net4j.tcp-4.1.101.v20140218-1830.jar,reference:file:C:/Users/Simone/.m2/repository/p2/osgi/bundle/org.eclipse.graphiti/0.10.1.v20130918-0838/org.eclipse.graphiti-0.10.1.v20130918-0838.jar,reference:file:C:/Users/Simone/.m2/repository/p2/osgi/bundle/com.google.inject/3.0.0.v201203062045/com.google.inject-3.0.0.v201203062045.jar,reference:file:C:/Users/Simone/.m2/repository/p2/osgi/bundle/javax.inject/1.0.0.v20091030/javax.inject-1.0.0.v20091030.jar,reference:file:C:/Users/Simone/.m2/repository/p2/osgi/bundle/de.cau.cs.kieler.core.kgraph/0.7.1.201502261452/de.cau.cs.kieler.core.kgraph-0.7.1.201502261452.jar,reference:file:C:/Users/Simone/.m2/repository/p2/osgi/bundle/de.cau.cs.kieler.core/0.14.0.201502261452/de.cau.cs.kieler.core-0.14.0.201502261452.jar,reference:file:C:/Users/Simone/.m2/repository/p2/osgi/bundle/org.eclipse.emf.ecore/2.9.1.v20130827-0309/org.eclipse.emf.ecore-2.9.1.v20130827-0309.jar,reference:file:C:/Users/Simone/.m2/repository/p2/osgi/bundle/de.cau.cs.kieler.kiml/0.17.0.201502261452/de.cau.cs.kieler.kiml-0.17.0.201502261452.jar,reference:file:C:/Users/Simone/.m2/repository/p2/osgi/bundle/com.google.guava/10.0.1.v201203051515/com.google.guava-10.0.1.v201203051515.jar,reference:file:C:/Users/Simone/.m2/repository/p2/osgi/bundle/de.cau.cs.kieler.kiml.graphiti/0.6.0.201502261452/de.cau.cs.kieler.kiml.graphiti-0.6.0.201502261452.jar,reference:file:C:/Users/Simone/.m2/repository/p2/osgi/bundle/org.eclipse.graphiti.ui/0.10.1.v20130918-0838/org.eclipse.graphiti.ui-0.10.1.v20130918-0838.jar,reference:file:C:/Users/Simone/.m2/repository/p2/osgi/bundle/org.eclipse.gef/3.9.0.201308190730/org.eclipse.gef-3.9.0.201308190730.jar,reference:file:C:/Users/Simone/.m2/repository/p2/osgi/bundle/org.eclipse.emf.transaction/1.4.0.201306111400/org.eclipse.emf.transaction-1.4.0.201306111400.jar,reference:file:C:/Users/Simone/.m2/repository/p2/osgi/bundle/org.eclipse.ui.ide/3.9.1.v20130704-1828/org.eclipse.ui.ide-3.9.1.v20130704-1828.jar,reference:file:C:/Users/Simone/.m2/repository/p2/osgi/bundle/org.eclipse.ui.views.properties.tabbed/3.6.0.v20130515-1857/org.eclipse.ui.views.properties.tabbed-3.6.0.v20130515-1857.jar,reference:file:C:/Users/Simone/.m2/repository/p2/osgi/bundle/de.cau.cs.kieler.kiml.service/0.7.2.201502261452/de.cau.cs.kieler.kiml.service-0.7.2.201502261452.jar,reference:file:C:/Users/Simone/.m2/repository/p2/osgi/bundle/org.eclipse.emf.edit/2.9.0.v20130902-0605/org.eclipse.emf.edit-2.9.0.v20130902-0605.jar,reference:file:C:/Users/Simone/.m2/repository/p2/osgi/bundle/de.itemis.xtext.antlr/2.1.0.v201308291703/de.itemis.xtext.antlr-2.1.0.v201308291703.jar,reference:file:C:/Users/Simone/.m2/repository/p2/osgi/bundle/org.antlr.generator/3.2.0.v201308291703/org.antlr.generator-3.2.0.v201308291703.jar,reference:file:C:/Users/Simone/OneDrive/Eclipse/fxman.cdo.repository/target/fxman.cdo.repository-2.1.0-SNAPSHOT.jar,reference:file:C:/Users/Simone/OneDrive/Eclipse/fxman.xcore.metamodel/target/fxman.xcore.metamodel-2.1.0-SNAPSHOT.jar,reference:file:C:/Users/Simone/OneDrive/Eclipse/fxman.spray.architecture/target/fxman.spray.architecture-2.1.0-SNAPSHOT.jar,reference:file:C:/Users/Simone/.m2/repository/p2/osgi/bundle/org.eclipselabs.spray.runtime.graphiti/0.5.1.201511022336/org.eclipselabs.spray.runtime.graphiti-0.5.1.201511022336.jar,reference:file:C:/Users/Simone/OneDrive/Eclipse/fxman.xcore.repository/target/fxman.xcore.repository-2.1.0-SNAPSHOT.jar,reference:file:C:/Users/Simone/OneDrive/Eclipse/fxman.commons/target/fxman.commons-2.1.0-SNAPSHOT.jar,reference:file:C:/Users/Simone/.m2/repository/p2/osgi/bundle/org.eclipse.core.resources/3.8.101.v20130717-0806/org.eclipse.core.resources-3.8.101.v20130717-0806.jar,reference:file:C:/Users/Simone/OneDrive/Eclipse/fxman.eclipse.test,reference:file:C:/Users/Simone/.m2/repository/p2/osgi/bundle/org.junit/4.11.0.v201303080030/org.junit-4.11.0.v201303080030.jar,reference:file:C:/Users/Simone/OneDrive/Eclipse/xman.cdo.repository/target/xman.cdo.repository-2.1.0-SNAPSHOT.jar,reference:file:C:/Users/Simone/.m2/repository/p2/osgi/bundle/org.eclipse.graphiti.mm/0.10.1.v20130918-0838/org.eclipse.graphiti.mm-0.10.1.v20130918-0838.jar,reference:file:C:/Users/Simone/.m2/repository/p2/osgi/bundle/org.eclipse.graphiti.pattern/0.10.1.v20130918-0838/org.eclipse.graphiti.pattern-0.10.1.v20130918-0838.jar,reference:file:C:/Users/Simone/.m2/repository/p2/osgi/bundle/org.eclipselabs.spray.shapes/0.5.1.201511022336/org.eclipselabs.spray.shapes-0.5.1.201511022336.jar,reference:file:C:/Users/Simone/.m2/repository/p2/osgi/bundle/org.eclipselabs.spray.styles/0.5.1.201511022336/org.eclipselabs.spray.styles-0.5.1.201511022336.jar,reference:file:C:/Users/Simone/.m2/repository/p2/osgi/bundle/org.eclipse.emf/2.6.0.v20130902-0605/org.eclipse.emf-2.6.0.v20130902-0605.jar,reference:file:C:/Users/Simone/.m2/repository/p2/osgi/bundle/org.apache.commons.logging/1.1.1.v201101211721/org.apache.commons.logging-1.1.1.v201101211721.jar,reference:file:C:/Users/Simone/.m2/repository/p2/osgi/bundle/org.eclipse.xtext/2.4.3.v201309030823/org.eclipse.xtext-2.4.3.v201309030823.jar,reference:file:C:/Users/Simone/.m2/repository/p2/osgi/bundle/org.eclipse.xtext.ui/2.4.3.v201309030823/org.eclipse.xtext.ui-2.4.3.v201309030823.jar,reference:file:C:/Users/Simone/.m2/repository/p2/osgi/bundle/org.eclipse.xtext.util/2.4.3.v201309030823/org.eclipse.xtext.util-2.4.3.v201309030823.jar,reference:file:C:/Users/Simone/.m2/repository/p2/osgi/bundle/org.eclipse.xtext.xbase.lib/2.4.3.v201309030823/org.eclipse.xtext.xbase.lib-2.4.3.v201309030823.jar,reference:file:C:/Users/Simone/.m2/repository/p2/osgi/bundle/org.eclipselabs.spray.styles.generator/0.5.1.201511022336/org.eclipselabs.spray.styles.generator-0.5.1.201511022336.jar,reference:file:C:/Users/Simone/.m2/repository/p2/osgi/bundle/org.eclipse.emf.ecore.xcore.lib/1.0.0.v20130903-0948/org.eclipse.emf.ecore.xcore.lib-1.0.0.v20130903-0948.jar,reference:file:C:/Users/Simone/OneDrive/Eclipse/xman.xcore.metamodel/target/xman.xcore.metamodel-2.1.0-SNAPSHOT.jar,reference:file:C:/Users/Simone/.m2/repository/p2/osgi/bundle/javax.annotation/1.1.0.v201209060031/javax.annotation-1.1.0.v201209060031.jar,reference:file:C:/Users/Simone/.m2/repository/p2/osgi/bundle/javax.xml/1.3.4.v201005080400/javax.xml-1.3.4.v201005080400.jar,reference:file:C:/Users/Simone/.m2/repository/p2/osgi/bundle/org.antlr.runtime/3.2.0.v201101311130/org.antlr.runtime-3.2.0.v201101311130.jar,reference:file:C:/Users/Simone/.m2/repository/p2/osgi/bundle/org.apache.ant/1.8.4.v201303080030/org.apache.ant-1.8.4.v201303080030.jar,reference:file:C:/Users/Simone/.m2/repository/p2/osgi/bundle/org.apache.batik.css/1.6.0.v201011041432/org.apache.batik.css-1.6.0.v201011041432.jar,reference:file:C:/Users/Simone/.m2/repository/p2/osgi/bundle/org.apache.batik.util/1.6.0.v201011041432/org.apache.batik.util-1.6.0.v201011041432.jar,reference:file:C:/Users/Simone/.m2/repository/p2/osgi/bundle/org.w3c.css.sac/1.3.1.v200903091627/org.w3c.css.sac-1.3.1.v200903091627.jar,reference:file:C:/Users/Simone/.m2/repository/p2/osgi/bundle/org.w3c.dom.svg/1.1.0.v201011041433/org.w3c.dom.svg-1.1.0.v201011041433.jar,reference:file:C:/Users/Simone/.m2/repository/p2/osgi/bundle/org.apache.batik.util.gui/1.6.0.v201011041432/org.apache.batik.util.gui-1.6.0.v201011041432.jar,reference:file:C:/Users/Simone/.m2/repository/p2/osgi/bundle/org.apache.commons.cli/1.2.0.v201404270220/org.apache.commons.cli-1.2.0.v201404270220.jar,reference:file:C:/Users/Simone/.m2/repository/p2/osgi/bundle/org.apache.commons.lang/2.6.0.v201205030909/org.apache.commons.lang-2.6.0.v201205030909.jar,reference:file:C:/Users/Simone/.m2/repository/p2/osgi/bundle/org.apache.commons.codec/1.4.0.v201209201156/org.apache.commons.codec-1.4.0.v201209201156.jar,reference:file:C:/Users/Simone/.m2/repository/p2/osgi/bundle/org.eclipse.osgi.services/3.3.100.v20130513-1956/org.eclipse.osgi.services-3.3.100.v20130513-1956.jar,reference:file:C:/Users/Simone/.m2/repository/p2/osgi/bundle/org.eclipse.compare/3.5.401.v20130709-1308/org.eclipse.compare-3.5.401.v20130709-1308.jar,reference:file:C:/Users/Simone/.m2/repository/p2/osgi/bundle/org.eclipse.jface.text/3.8.101.v20130802-1147/org.eclipse.jface.text-3.8.101.v20130802-1147.jar,reference:file:C:/Users/Simone/.m2/repository/p2/osgi/bundle/org.eclipse.ui.views/3.6.100.v20130326-1250/org.eclipse.ui.views-3.6.100.v20130326-1250.jar,reference:file:C:/Users/Simone/.m2/repository/p2/osgi/bundle/org.eclipse.ui.workbench.texteditor/3.8.101.v20130729-1318/org.eclipse.ui.workbench.texteditor-3.8.101.v20130729-1318.jar,reference:file:C:/Users/Simone/.m2/repository/p2/osgi/bundle/org.eclipse.core.expressions/3.4.500.v20130515-1343/org.eclipse.core.expressions-3.4.500.v20130515-1343.jar,reference:file:C:/Users/Simone/.m2/repository/p2/osgi/bundle/org.eclipse.ui.editors/3.8.100.v20130513-1637/org.eclipse.ui.editors-3.8.100.v20130513-1637.jar,reference:file:C:/Users/Simone/.m2/repository/p2/osgi/bundle/org.eclipse.ui.forms/3.6.1.v20130822-1117/org.eclipse.ui.forms-3.6.1.v20130822-1117.jar,reference:file:C:/Users/Simone/.m2/repository/p2/osgi/bundle/org.eclipse.compare.core/3.5.300.v20130514-1224/org.eclipse.compare.core-3.5.300.v20130514-1224.jar,reference:file:C:/Users/Simone/.m2/repository/p2/osgi/bundle/com.ibm.icu/50.1.1.v201304230130/com.ibm.icu-50.1.1.v201304230130.jar,reference:file:C:/Users/Simone/.m2/repository/p2/osgi/bundle/org.eclipse.core.commands/3.6.100.v20130515-1857/org.eclipse.core.commands-3.6.100.v20130515-1857.jar,reference:file:C:/Users/Simone/.m2/repository/p2/osgi/bundle/org.eclipse.equinox.common/3.6.200.v20130402-1505/org.eclipse.equinox.common-3.6.200.v20130402-1505.jar@2:start,reference:file:C:/Users/Simone/.m2/repository/p2/osgi/bundle/org.eclipse.core.contenttype/3.4.200.v20130326-1255/org.eclipse.core.contenttype-3.4.200.v20130326-1255.jar,reference:file:C:/Users/Simone/.m2/repository/p2/osgi/bundle/org.eclipse.equinox.preferences/3.5.100.v20130422-1538/org.eclipse.equinox.preferences-3.5.100.v20130422-1538.jar,reference:file:C:/Users/Simone/.m2/repository/p2/osgi/bundle/org.eclipse.equinox.registry/3.5.301.v20130717-1549/org.eclipse.equinox.registry-3.5.301.v20130717-1549.jar,reference:file:C:/Users/Simone/.m2/repository/p2/osgi/bundle/org.eclipse.core.databinding/1.4.1.v20130515-1857/org.eclipse.core.databinding-1.4.1.v20130515-1857.jar,reference:file:C:/Users/Simone/.m2/repository/p2/osgi/bundle/org.eclipse.core.databinding.observable/1.4.1.v20130515-1857/org.eclipse.core.databinding.observable-1.4.1.v20130515-1857.jar,reference:file:C:/Users/Simone/.m2/repository/p2/osgi/bundle/org.eclipse.core.databinding.property/1.4.200.v20130515-1857/org.eclipse.core.databinding.property-1.4.200.v20130515-1857.jar,reference:file:C:/Users/Simone/.m2/repository/p2/osgi/bundle/org.eclipse.core.filebuffers/3.5.300.v20130225-1821/org.eclipse.core.filebuffers-3.5.300.v20130225-1821.jar,reference:file:C:/Users/Simone/.m2/repository/p2/osgi/bundle/org.eclipse.text/3.5.300.v20130515-1451/org.eclipse.text-3.5.300.v20130515-1451.jar,reference:file:C:/Users/Simone/.m2/repository/p2/osgi/bundle/org.eclipse.core.filesystem/1.4.0.v20130514-1240/org.eclipse.core.filesystem-1.4.0.v20130514-1240.jar,reference:file:C:/Users/Simone/.m2/repository/p2/osgi/bundle/org.eclipse.core.jobs/3.5.300.v20130429-1813/org.eclipse.core.jobs-3.5.300.v20130429-1813.jar,reference:file:C:/Users/Simone/.m2/repository/p2/osgi/bundle/org.eclipse.core.net/1.2.200.v20130430-1352/org.eclipse.core.net-1.2.200.v20130430-1352.jar,reference:file:C:/Users/Simone/.m2/repository/p2/osgi/bundle/org.eclipse.equinox.security/1.2.0.v20130424-1801/org.eclipse.equinox.security-1.2.0.v20130424-1801.jar,reference:file:C:/Users/Simone/.m2/repository/p2/osgi/bundle/org.eclipse.equinox.app/1.3.100.v20130327-1442/org.eclipse.equinox.app-1.3.100.v20130327-1442.jar,reference:file:C:/Users/Simone/.m2/repository/p2/osgi/bundle/org.eclipse.core.variables/3.2.700.v20130402-1741/org.eclipse.core.variables-3.2.700.v20130402-1741.jar,reference:file:C:/Users/Simone/.m2/repository/p2/osgi/bundle/org.eclipse.debug.core/3.8.0.v20130514-0954/org.eclipse.debug.core-3.8.0.v20130514-0954.jar,reference:file:C:/Users/Simone/.m2/repository/p2/osgi/bundle/org.eclipse.debug.ui/3.9.0.v20130516-1713/org.eclipse.debug.ui-3.9.0.v20130516-1713.jar,reference:file:C:/Users/Simone/.m2/repository/p2/osgi/bundle/org.eclipse.ui.console/3.5.200.v20130514-0954/org.eclipse.ui.console-3.5.200.v20130514-0954.jar,reference:file:C:/Users/Simone/.m2/repository/p2/osgi/bundle/org.eclipse.help/3.6.0.v20130326-1254/org.eclipse.help-3.6.0.v20130326-1254.jar,reference:file:C:/Users/Simone/.m2/repository/p2/osgi/bundle/org.eclipse.draw2d/3.9.0.201308190730/org.eclipse.draw2d-3.9.0.201308190730.jar,reference:file:C:/Users/Simone/.m2/repository/p2/osgi/bundle/org.eclipse.swt/3.102.1.v20130827-2021/org.eclipse.swt-3.102.1.v20130827-2021.jar,reference:file:C:/Users/Simone/.m2/repository/p2/osgi/bundle/org.eclipse.e4.core.commands/0.10.2.v20130515-1857/org.eclipse.e4.core.commands-0.10.2.v20130515-1857.jar,reference:file:C:/Users/Simone/.m2/repository/p2/osgi/bundle/org.eclipse.e4.core.di/1.3.0.v20130514-1256/org.eclipse.e4.core.di-1.3.0.v20130514-1256.jar,reference:file:C:/Users/Simone/.m2/repository/p2/osgi/bundle/org.eclipse.e4.core.contexts/1.3.1.v20130905-0905/org.eclipse.e4.core.contexts-1.3.1.v20130905-0905.jar,reference:file:C:/Users/Simone/.m2/repository/p2/osgi/bundle/org.eclipse.e4.core.services/1.1.0.v20130515-1343/org.eclipse.e4.core.services-1.1.0.v20130515-1343.jar,reference:file:C:/Users/Simone/.m2/repository/p2/osgi/bundle/org.eclipse.e4.core.di.extensions/0.11.100.v20130514-1256/org.eclipse.e4.core.di.extensions-0.11.100.v20130514-1256.jar,reference:file:C:/Users/Simone/.m2/repository/p2/osgi/bundle/org.eclipse.e4.ui.bindings/0.10.101.v20130801-2002/org.eclipse.e4.ui.bindings-0.10.101.v20130801-2002.jar,reference:file:C:/Users/Simone/.m2/repository/p2/osgi/bundle/org.eclipse.jface/3.9.1.v20130725-1141/org.eclipse.jface-3.9.1.v20130725-1141.jar,reference:file:C:/Users/Simone/.m2/repository/p2/osgi/bundle/org.eclipse.e4.ui.css.core/0.10.100.v20130515-1857/org.eclipse.e4.ui.css.core-0.10.100.v20130515-1857.jar,reference:file:C:/Users/Simone/.m2/repository/p2/osgi/bundle/org.eclipse.e4.ui.css.swt/0.11.0.v20130515-1857/org.eclipse.e4.ui.css.swt-0.11.0.v20130515-1857.jar,reference:file:C:/Users/Simone/.m2/repository/p2/osgi/bundle/org.eclipse.e4.ui.css.swt.theme/0.9.100.v20130515-1857/org.eclipse.e4.ui.css.swt.theme-0.9.100.v20130515-1857.jar,reference:file:C:/Users/Simone/.m2/repository/p2/osgi/bundle/org.eclipse.e4.ui.di/1.0.0.v20130515-1857/org.eclipse.e4.ui.di-1.0.0.v20130515-1857.jar,reference:file:C:/Users/Simone/.m2/repository/p2/osgi/bundle/org.eclipse.e4.ui.model.workbench/1.0.1.v20130909-1436/org.eclipse.e4.ui.model.workbench-1.0.1.v20130909-1436.jar,reference:file:C:/Users/Simone/.m2/repository/p2/osgi/bundle/org.eclipse.e4.ui.services/1.0.1.v20130909-1436/org.eclipse.e4.ui.services-1.0.1.v20130909-1436.jar,reference:file:C:/Users/Simone/.m2/repository/p2/osgi/bundle/org.eclipse.e4.ui.widgets/1.0.0.v20130515-1857/org.eclipse.e4.ui.widgets-1.0.0.v20130515-1857.jar,reference:file:C:/Users/Simone/.m2/repository/p2/osgi/bundle/org.eclipse.e4.ui.workbench/1.0.1.v20130910-2014/org.eclipse.e4.ui.workbench-1.0.1.v20130910-2014.jar,reference:file:C:/Users/Simone/.m2/repository/p2/osgi/bundle/org.eclipse.emf.ecore.change/2.9.0.v20130827-0309/org.eclipse.emf.ecore.change-2.9.0.v20130827-0309.jar,reference:file:C:/Users/Simone/.m2/repository/p2/osgi/bundle/org.eclipse.emf.ecore.xmi/2.9.1.v20130827-0309/org.eclipse.emf.ecore.xmi-2.9.1.v20130827-0309.jar,reference:file:C:/Users/Simone/.m2/repository/p2/osgi/bundle/org.eclipse.e4.ui.workbench.addons.swt/1.0.1.v20130823-1518/org.eclipse.e4.ui.workbench.addons.swt-1.0.1.v20130823-1518.jar,reference:file:C:/Users/Simone/.m2/repository/p2/osgi/bundle/org.eclipse.e4.ui.workbench.renderers.swt/0.11.1.v20130812-1345/org.eclipse.e4.ui.workbench.renderers.swt-0.11.1.v20130812-1345.jar,reference:file:C:/Users/Simone/.m2/repository/p2/osgi/bundle/org.eclipse.e4.ui.workbench.swt/0.12.1.v20130815-1438/org.eclipse.e4.ui.workbench.swt-0.12.1.v20130815-1438.jar,reference:file:C:/Users/Simone/.m2/repository/p2/osgi/bundle/org.eclipse.jface.databinding/1.6.200.v20130515-1857/org.eclipse.jface.databinding-1.6.200.v20130515-1857.jar,reference:file:C:/Users/Simone/.m2/repository/p2/osgi/bundle/org.eclipse.e4.ui.workbench3/0.12.0.v20130515-1857/org.eclipse.e4.ui.workbench3-0.12.0.v20130515-1857.jar,reference:file:C:/Users/Simone/.m2/repository/p2/osgi/bundle/org.eclipse.equinox.ds/1.4.101.v20130813-1853/org.eclipse.equinox.ds-1.4.101.v20130813-1853.jar@1:start,reference:file:C:/Users/Simone/.m2/repository/p2/osgi/bundle/org.eclipse.equinox.event/1.3.0.v20130327-1442/org.eclipse.equinox.event-1.3.0.v20130327-1442.jar,reference:file:C:/Users/Simone/.m2/repository/p2/osgi/bundle/org.eclipse.emf.cdo.common/4.2.1.v20140218-1709/org.eclipse.emf.cdo.common-4.2.1.v20140218-1709.jar,reference:file:C:/Users/Simone/.m2/repository/p2/osgi/bundle/org.eclipse.net4j.util/3.3.1.v20140218-1709/org.eclipse.net4j.util-3.3.1.v20140218-1709.jar,reference:file:C:/Users/Simone/.m2/repository/p2/osgi/bundle/org.eclipse.net4j/4.2.1.v20140218-1709/org.eclipse.net4j-4.2.1.v20140218-1709.jar,reference:file:C:/Users/Simone/.m2/repository/p2/osgi/bundle/org.eclipse.emf.codegen/2.9.0.v20130902-0605/org.eclipse.emf.codegen-2.9.0.v20130902-0605.jar,reference:file:C:/Users/Simone/.m2/repository/p2/osgi/bundle/org.eclipse.emf.common/2.9.1.v20130827-0309/org.eclipse.emf.common-2.9.1.v20130827-0309.jar,reference:file:C:/Users/Simone/.m2/repository/p2/osgi/bundle/org.eclipse.jdt.core/3.9.1.v20130905-0837/org.eclipse.jdt.core-3.9.1.v20130905-0837.jar,reference:file:C:/Users/Simone/.m2/repository/p2/osgi/bundle/org.eclipse.jdt.launching/3.7.0.v20130515-1451/org.eclipse.jdt.launching-3.7.0.v20130515-1451.jar,reference:file:C:/Users/Simone/.m2/repository/p2/osgi/bundle/org.eclipse.emf.codegen.ecore/2.9.1.v20130902-0605/org.eclipse.emf.codegen.ecore-2.9.1.v20130902-0605.jar,reference:file:C:/Users/Simone/.m2/repository/p2/osgi/bundle/org.eclipse.emf.common.ui/2.8.0.v20130902-0605/org.eclipse.emf.common.ui-2.8.0.v20130902-0605.jar,reference:file:C:/Users/Simone/.m2/repository/p2/osgi/bundle/org.eclipse.emf.ecore.edit/2.8.0.v20130902-0605/org.eclipse.emf.ecore.edit-2.8.0.v20130902-0605.jar,reference:file:C:/Users/Simone/.m2/repository/p2/osgi/bundle/org.eclipse.emf.ecore.editor/2.9.0.v20130902-0605/org.eclipse.emf.ecore.editor-2.9.0.v20130902-0605.jar,reference:file:C:/Users/Simone/.m2/repository/p2/osgi/bundle/org.eclipse.emf.edit.ui/2.9.0.v20130902-0605/org.eclipse.emf.edit.ui-2.9.0.v20130902-0605.jar,reference:file:C:/Users/Simone/.m2/repository/p2/osgi/bundle/org.eclipse.ui.workbench/3.105.1.v20130821-1411/org.eclipse.ui.workbench-3.105.1.v20130821-1411.jar,reference:file:C:/Users/Simone/.m2/repository/p2/osgi/bundle/org.eclipse.emf.mwe.core/1.2.1.v201309030422/org.eclipse.emf.mwe.core-1.2.1.v201309030422.jar,reference:file:C:/Users/Simone/.m2/repository/p2/osgi/bundle/org.eclipse.emf.mwe2.runtime/2.4.1.v201309030422/org.eclipse.emf.mwe2.runtime-2.4.1.v201309030422.jar,reference:file:C:/Users/Simone/.m2/repository/p2/osgi/bundle/org.eclipse.emf.mwe.utils/1.3.1.v201309030422/org.eclipse.emf.mwe.utils-1.3.1.v201309030422.jar,reference:file:C:/Users/Simone/.m2/repository/p2/osgi/bundle/org.eclipse.emf.mwe2.lib/2.4.1.v201309030422/org.eclipse.emf.mwe2.lib-2.4.1.v201309030422.jar,reference:file:C:/Users/Simone/.m2/repository/p2/osgi/bundle/org.eclipse.emf.validation/1.7.0.201306111341/org.eclipse.emf.validation-1.7.0.201306111341.jar,reference:file:C:/Users/Simone/.m2/repository/p2/osgi/bundle/org.eclipse.emf.workspace/1.5.1.201306111400/org.eclipse.emf.workspace-1.5.1.201306111400.jar,reference:file:C:/Users/Simone/.m2/repository/p2/osgi/bundle/org.eclipse.equinox.bidi/0.10.0.v20130327-1442/org.eclipse.equinox.bidi-0.10.0.v20130327-1442.jar,reference:file:C:/Users/Simone/.m2/repository/p2/osgi/bundle/org.eclipse.equinox.util/1.0.500.v20130404-1337/org.eclipse.equinox.util-1.0.500.v20130404-1337.jar,reference:file:C:/Users/Simone/.m2/repository/p2/osgi/bundle/org.eclipse.equinox.p2.core/2.3.0.v20130327-2119/org.eclipse.equinox.p2.core-2.3.0.v20130327-2119.jar,reference:file:C:/Users/Simone/.m2/repository/p2/osgi/bundle/org.eclipse.equinox.p2.engine/2.3.0.v20130526-2122/org.eclipse.equinox.p2.engine-2.3.0.v20130526-2122.jar,reference:file:C:/Users/Simone/.m2/repository/p2/osgi/bundle/org.eclipse.equinox.p2.metadata/2.2.0.v20130523-1557/org.eclipse.equinox.p2.metadata-2.2.0.v20130523-1557.jar,reference:file:C:/Users/Simone/.m2/repository/p2/osgi/bundle/org.eclipse.equinox.p2.metadata.repository/1.2.100.v20130327-2119/org.eclipse.equinox.p2.metadata.repository-1.2.100.v20130327-2119.jar,reference:file:C:/Users/Simone/.m2/repository/p2/osgi/bundle/org.eclipse.equinox.p2.repository/2.3.0.v20130412-2032/org.eclipse.equinox.p2.repository-2.3.0.v20130412-2032.jar,reference:file:C:/Users/Simone/.m2/repository/p2/osgi/bundle/org.eclipse.ui.navigator/3.5.300.v20130517-0139/org.eclipse.ui.navigator-3.5.300.v20130517-0139.jar,reference:file:C:/Users/Simone/.m2/repository/p2/osgi/bundle/org.eclipse.jdt.core.manipulation/1.5.0.v20130605-1748/org.eclipse.jdt.core.manipulation-1.5.0.v20130605-1748.jar,reference:file:C:/Users/Simone/.m2/repository/p2/osgi/bundle/org.eclipse.ltk.core.refactoring/3.6.100.v20130605-1748/org.eclipse.ltk.core.refactoring-3.6.100.v20130605-1748.jar,reference:file:C:/Users/Simone/OneDrive/Eclipse/fxman.eclipse.test/target/work/plugins/org.eclipse.jdt.debug_3.8.0.v20130514-0841,reference:file:C:/Users/Simone/.m2/repository/p2/osgi/bundle/org.eclipse.jdt.ui/3.9.1.v20130820-1427/org.eclipse.jdt.ui-3.9.1.v20130820-1427.jar,reference:file:C:/Users/Simone/.m2/repository/p2/osgi/bundle/org.eclipse.search/3.9.0.v20130312-1625/org.eclipse.search-3.9.0.v20130312-1625.jar,reference:file:C:/Users/Simone/.m2/repository/p2/osgi/bundle/org.eclipse.team.ui/3.7.1.v20130729-1104/org.eclipse.team.ui-3.7.1.v20130729-1104.jar,reference:file:C:/Users/Simone/.m2/repository/p2/osgi/bundle/org.eclipse.team.core/3.7.0.v20130514-1224/org.eclipse.team.core-3.7.0.v20130514-1224.jar,reference:file:C:/Users/Simone/.m2/repository/p2/osgi/bundle/org.eclipse.ltk.ui.refactoring/3.7.100.v20130605-1748/org.eclipse.ltk.ui.refactoring-3.7.100.v20130605-1748.jar,reference:file:C:/Users/Simone/.m2/repository/p2/osgi/bundle/org.eclipse.ui.navigator.resources/3.4.500.v20130516-1049/org.eclipse.ui.navigator.resources-3.4.500.v20130516-1049.jar,reference:file:C:/Users/Simone/.m2/repository/p2/osgi/bundle/org.eclipse.ui.ide.application/1.0.400.v20130326-1250/org.eclipse.ui.ide.application-1.0.400.v20130326-1250.jar,reference:file:C:/Users/Simone/.m2/repository/p2/osgi/bundle/org.eclipse.xpand/1.4.0.v201306110406/org.eclipse.xpand-1.4.0.v201306110406.jar,reference:file:C:/Users/Simone/.m2/repository/p2/osgi/bundle/org.eclipse.xtend/1.4.0.v201306110406/org.eclipse.xtend-1.4.0.v201306110406.jar,reference:file:C:/Users/Simone/.m2/repository/p2/osgi/bundle/org.eclipse.xtend.lib/2.4.3.v201309030823/org.eclipse.xtend.lib-2.4.3.v201309030823.jar,reference:file:C:/Users/Simone/.m2/repository/p2/osgi/bundle/org.eclipse.xtend.typesystem.emf/1.4.0.v201306110406/org.eclipse.xtend.typesystem.emf-1.4.0.v201306110406.jar,reference:file:C:/Users/Simone/.m2/repository/p2/osgi/bundle/org.eclipse.xtend2.lib/2.4.3.v201309030823/org.eclipse.xtend2.lib-2.4.3.v201309030823.jar,reference:file:C:/Users/Simone/.m2/repository/p2/osgi/bundle/org.eclipse.xtext.smap/2.4.3.v201309030823/org.eclipse.xtext.smap-2.4.3.v201309030823.jar,reference:file:C:/Users/Simone/.m2/repository/p2/osgi/bundle/org.eclipse.jdt.annotation/1.1.0.v20130513-1648/org.eclipse.jdt.annotation-1.1.0.v20130513-1648.jar,reference:file:C:/Users/Simone/.m2/repository/p2/osgi/bundle/org.eclipse.xtext.builder/2.4.3.v201309030823/org.eclipse.xtext.builder-2.4.3.v201309030823.jar,reference:file:C:/Users/Simone/.m2/repository/p2/osgi/bundle/org.eclipse.xtext.common.types.ui/2.4.3.v201309030823/org.eclipse.xtext.common.types.ui-2.4.3.v201309030823.jar,reference:file:C:/Users/Simone/.m2/repository/p2/osgi/bundle/org.eclipse.xtext.common.types/2.4.3.v201309030823/org.eclipse.xtext.common.types-2.4.3.v201309030823.jar,reference:file:C:/Users/Simone/.m2/repository/p2/osgi/bundle/org.eclipse.xtext.common.types.edit/2.4.3.v201309030823/org.eclipse.xtext.common.types.edit-2.4.3.v201309030823.jar,reference:file:C:/Users/Simone/.m2/repository/p2/osgi/bundle/org.eclipse.xtext.ecore/2.4.3.v201309030823/org.eclipse.xtext.ecore-2.4.3.v201309030823.jar,reference:file:C:/Users/Simone/.m2/repository/p2/osgi/bundle/org.eclipse.xtext.generator/2.4.3.v201309030823/org.eclipse.xtext.generator-2.4.3.v201309030823.jar,reference:file:C:/Users/Simone/.m2/repository/p2/osgi/bundle/org.eclipse.xtext.xbase/2.4.3.v201309030823/org.eclipse.xtext.xbase-2.4.3.v201309030823.jar,reference:file:C:/Users/Simone/.m2/repository/p2/osgi/bundle/org.eclipselabs.spray.generator.common/0.5.1.201511022336/org.eclipselabs.spray.generator.common-0.5.1.201511022336.jar,reference:file:C:/Users/Simone/.m2/repository/p2/osgi/bundle/org.eclipselabs.spray.runtime.xtext/0.5.1.201511022336/org.eclipselabs.spray.runtime.xtext-0.5.1.201511022336.jar,reference:file:C:/Users/Simone/.m2/repository/p2/osgi/bundle/org.eclipselabs.spray.shapes.mm/0.5.1.201511022336/org.eclipselabs.spray.shapes.mm-0.5.1.201511022336.jar,reference:file:C:/Users/Simone/.m2/repository/p2/osgi/bundle/org.eclipselabs.spray.styles.mm/0.5.1.201511022336/org.eclipselabs.spray.styles.mm-0.5.1.201511022336.jar,reference:file:C:/Users/Simone/.m2/repository/p2/osgi/bundle/org.hamcrest.core/1.3.0.v201303031735/org.hamcrest.core-1.3.0.v201303031735.jar,reference:file:C:/Users/Simone/.m2/repository/p2/osgi/bundle/org.w3c.dom.smil/1.0.0.v200806040011/org.w3c.dom.smil-1.0.0.v200806040011.jar,reference:file:C:/Users/Simone/.m2/repository/p2/osgi/bundle/org.eclipse.equinox.launcher/1.3.0.v20130327-1440/org.eclipse.equinox.launcher-1.3.0.v20130327-1440.jar,reference:file:C:/Users/Simone/OneDrive/Eclipse/xman.xcore.repository/target/xman.xcore.repository-2.1.0-SNAPSHOT.jar,reference:file:C:/Users/Simone/OneDrive/Eclipse/xman.spray.atomic/target/xman.spray.atomic-2.1.0-SNAPSHOT.jar,reference:file:C:/Users/Simone/OneDrive/Eclipse/xman.spray.composite/target/xman.spray.composite-2.1.0-SNAPSHOT.jar,reference:file:C:/Users/Simone/OneDrive/Eclipse/xman.xtend.codegenerator/target/xman.xtend.codegenerator-2.1.0-SNAPSHOT.jar,reference:file:C:/Users/Simone/OneDrive/Eclipse/xman.xtend.conditiondsl/target/xman.xtend.conditiondsl-2.1.0-SNAPSHOT.jar,reference:file:C:/Users/Simone/.m2/repository/p2/osgi/bundle/org.eclipse.swt.gtk.linux.x86/3.102.1.v20130827-2048/org.eclipse.swt.gtk.linux.x86-3.102.1.v20130827-2048.jar,reference:file:C:/Users/Simone/.m2/repository/p2/osgi/bundle/org.eclipse.swt.gtk.linux.x86_64/3.102.1.v20130827-2048/org.eclipse.swt.gtk.linux.x86_64-3.102.1.v20130827-2048.jar,reference:file:C:/Users/Simone/.m2/repository/p2/osgi/bundle/org.eclipse.swt.win32.win32.x86/3.102.1.v20130827-2048/org.eclipse.swt.win32.win32.x86-3.102.1.v20130827-2048.jar,reference:file:C:/Users/Simone/.m2/repository/p2/osgi/bundle/org.eclipse.swt.win32.win32.x86_64/3.102.1.v20130827-2048/org.eclipse.swt.win32.win32.x86_64-3.102.1.v20130827-2048.jar,reference:file:C:/Users/Simone/.m2/repository/p2/osgi/bundle/org.eclipse.swt.cocoa.macosx.x86_64/3.102.1.v20130827-2048/org.eclipse.swt.cocoa.macosx.x86_64-3.102.1.v20130827-2048.jar,reference:file:C:/Users/Simone/.m2/repository/org/eclipse/tycho/org.eclipse.tycho.surefire.osgibooter/0.23.0/org.eclipse.tycho.surefire.osgibooter-0.23.0.jar,reference:file:C:/Users/Simone/.m2/repository/org/eclipse/tycho/org.eclipse.tycho.surefire.junit4/0.23.0/org.eclipse.tycho.surefire.junit4-0.23.0.jar"/>
    <property name="java.endorsed.dirs" value="C:\Program Files (x86)\Java\jre1.8.0_66\lib\endorsed"/>
    <property name="osgi.tracefile" value="C:\Users\Simone\OneDrive\Eclipse\fxman.eclipse.test\target\work\data\.metadata\trace.log"/>
    <property name="sun.cpu.isalist" value="pentium_pro+mmx pentium_pro pentium+mmx pentium i486 i386 i86"/>
    <property name="sun.jnu.encoding" value="Cp1252"/>
    <property name="eclipse.application" value="org.eclipse.tycho.surefire.osgibooter.headlesstest"/>
    <property name="file.encoding.pkg" value="sun.io"/>
    <property name="org.osgi.framework.vendor" value="Eclipse"/>
    <property name="file.separator" value="\"/>
    <property name="java.specification.name" value="Java Platform API Specification"/>
    <property name="osgi.checkConfiguration" value="true"/>
    <property name="java.class.version" value="52.0"/>
    <property name="user.country" value="GB"/>
    <property name="osgi.configuration.cascaded" value="false"/>
    <property name="java.home" value="C:\Program Files (x86)\Java\jre1.8.0_66"/>
    <property name="osgi.os" value="win32"/>
    <property name="eclipse.commands" value="-data&#10;C:\Users\Simone\OneDrive\Eclipse\fxman.eclipse.test\target\work\data&#10;-install&#10;C:\Users\Simone\OneDrive\Eclipse\fxman.eclipse.test\target\work&#10;-configuration&#10;C:\Users\Simone\OneDrive\Eclipse\fxman.eclipse.test\target\work\configuration&#10;-application&#10;org.eclipse.tycho.surefire.osgibooter.headlesstest&#10;-testproperties&#10;C:\Users\Simone\OneDrive\Eclipse\fxman.eclipse.test\target\surefire.properties&#10;"/>
    <property name="java.vm.info" value="mixed mode, sharing"/>
    <property name="os.version" value="10.0"/>
    <property name="osgi.arch" value="x86"/>
    <property name="path.separator" value=";"/>
    <property name="java.vm.version" value="25.66-b18"/>
    <property name="org.osgi.supports.framework.fragment" value="true"/>
    <property name="user.variant" value=""/>
    <property name="osgi.framework.shape" value="jar"/>
    <property name="java.awt.printerjob" value="sun.awt.windows.WPrinterJob"/>
    <property name="sun.io.unicode.encoding" value="UnicodeLittle"/>
    <property name="org.osgi.framework.version" value="1.7.0"/>
    <property name="awt.toolkit" value="sun.awt.windows.WToolkit"/>
    <property name="user.script" value=""/>
    <property name="osgi.dev" value="file:/C:/Users/Simone/OneDrive/Eclipse/fxman.eclipse.test/target/work/dev.properties"/>
    <property name="osgi.install.area" value="file:/C:/Users/Simone/OneDrive/Eclipse/fxman.eclipse.test/target/work/"/>
    <property name="osgi.framework" value="file:/C:/Users/Simone/.m2/repository/p2/osgi/bundle/org.eclipse.osgi/3.9.1.v20130814-1242/org.eclipse.osgi-3.9.1.v20130814-1242.jar"/>
    <property name="user.home" value="C:\Users\Simone"/>
    <property name="osgi.bundlestore" value="C:\Users\Simone\OneDrive\Eclipse\fxman.eclipse.test\target\work\configuration\org.eclipse.osgi\bundles"/>
    <property name="java.specification.vendor" value="Oracle Corporation"/>
    <property name="osgi.nl" value="en_GB"/>
    <property name="java.library.path" value="C:\Program Files (x86)\Java\jre1.8.0_66\bin;C:\WINDOWS\Sun\Java\bin;C:\WINDOWS\system32;C:\WINDOWS;C:/Program Files (x86)/Java/jre1.8.0_66/bin/client;C:/Program Files (x86)/Java/jre1.8.0_66/bin;C:/Program Files (x86)/Java/jre1.8.0_66/lib/i386;C:\ProgramData\Oracle\Java\javapath;C:\Windows\system32;C:\Windows;C:\Windows\System32\Wbem;C:\Windows\System32\WindowsPowerShell\v1.0\;C:\Program Files (x86)\ATI Technologies\ATI.ACE\Core-Static;C:\Program Files (x86)\MiKTeX 2.9\miktex\bin\;C:\Program Files (x86)\AMD\ATI.ACE\Core-Static;C:\adb;%GRADLE_HOME\bin%;c:\apache-maven-3.3.3\bin;C:\WINDOWS\system32;C:\WINDOWS;C:\WINDOWS\System32\Wbem;C:\WINDOWS\System32\WindowsPowerShell\v1.0\;C:\Program Files (x86)\Skype\Phone\;C:\Program Files (x86)\MATLAB\R2015b\bin;C:\eclipse_luna;;."/>
    <property name="java.vendor.url" value="http://java.oracle.com/"/>
    <property name="osgi.bundlefile.limit" value="100"/>
    <property name="eclipse.startTime" value="1448453178760"/>
    <property name="org.osgi.framework.os.version" value="10.0.0"/>
    <property name="java.vm.vendor" value="Oracle Corporation"/>
    <property name="java.runtime.name" value="Java(TM) SE Runtime Environment"/>
    <property name="java.class.path" value="C:\Users\Simone\.m2\repository\p2\osgi\bundle\org.eclipse.equinox.launcher\1.3.0.v20130327-1440\org.eclipse.equinox.launcher-1.3.0.v20130327-1440.jar"/>
    <property name="sun.java.command" value="C:\Users\Simone\.m2\repository\p2\osgi\bundle\org.eclipse.equinox.launcher\1.3.0.v20130327-1440\org.eclipse.equinox.launcher-1.3.0.v20130327-1440.jar -data C:\Users\Simone\OneDrive\Eclipse\fxman.eclipse.test\target\work\data -install C:\Users\Simone\OneDrive\Eclipse\fxman.eclipse.test\target\work -configuration C:\Users\Simone\OneDrive\Eclipse\fxman.eclipse.test\target\work\configuration -application org.eclipse.tycho.surefire.osgibooter.headlesstest -testproperties C:\Users\Simone\OneDrive\Eclipse\fxman.eclipse.test\target\surefire.properties"/>
    <property name="java.vm.specification.name" value="Java Virtual Machine Specification"/>
    <property name="java.vm.specification.version" value="1.8"/>
    <property name="sun.os.patch.level" value=""/>
    <property name="sun.cpu.endian" value="little"/>
    <property name="gosh.args" value="--nointeractive"/>
    <property name="java.io.tmpdir" value="C:\Users\Simone\AppData\Local\Temp\"/>
    <property name="java.vendor.url.bug" value="http://bugreport.sun.com/bugreport/"/>
    <property name="eclipse.home.location" value="file:/C:/Users/Simone/OneDrive/Eclipse/fxman.eclipse.test/target/work/"/>
    <property name="java.awt.graphicsenv" value="sun.awt.Win32GraphicsEnvironment"/>
    <property name="os.arch" value="x86"/>
    <property name="java.ext.dirs" value="C:\Program Files (x86)\Java\jre1.8.0_66\lib\ext;C:\WINDOWS\Sun\Java\lib\ext"/>
    <property name="user.dir" value="C:\Users\Simone\OneDrive\Eclipse\fxman.eclipse.test"/>
    <property name="org.osgi.supports.framework.requirebundle" value="true"/>
    <property name="osgi.clean" value="true"/>
    <property name="line.separator" value="&#10;"/>
    <property name="java.vm.name" value="Java HotSpot(TM) Client VM"/>
    <property name="file.encoding" value="Cp1252"/>
    <property name="osgi.framework.version" value="3.9.1.v20130814-1242"/>
    <property name="java.specification.version" value="1.8"/>
    <property name="org.osgi.framework.executionenvironment" value="OSGi/Minimum-1.0,OSGi/Minimum-1.1,OSGi/Minimum-1.2,JRE-1.1,J2SE-1.2,J2SE-1.3,J2SE-1.4,J2SE-1.5,JavaSE-1.6,JavaSE-1.7,JavaSE-1.8"/>
    <property name="osgi.configuration.area" value="file:/C:/Users/Simone/OneDrive/Eclipse/fxman.eclipse.test/target/work/configuration/"/>
    <property name="osgi.logfile" value="C:\Users\Simone\OneDrive\Eclipse\fxman.eclipse.test\target\work\data\.metadata\.log"/>
  </properties>
  <testcase name="TestGenericOR2" classname="fxman.eclipse.test.TestVariationGenerator" time="0.067"/>
  <testcase name="TestGenericOrAlt" classname="fxman.eclipse.test.TestVariationGenerator" time="0.001"/>
  <testcase name="TestAlt" classname="fxman.eclipse.test.TestVariationGenerator" time="0.001"/>
  <testcase name="TestOpt" classname="fxman.eclipse.test.TestVariationGenerator" time="0.001"/>
  <testcase name="TestGenericOr" classname="fxman.eclipse.test.TestVariationGenerator" time="0.001"/>
</testsuite>